[0m21:35:00.821083 [debug] [MainThread]: Sending event: {'category': 'dbt', 'action': 'invocation', 'label': 'start', 'context': [<snowplow_tracker.self_describing_json.SelfDescribingJson object at 0x107123c80>, <snowplow_tracker.self_describing_json.SelfDescribingJson object at 0x1082e0cb0>, <snowplow_tracker.self_describing_json.SelfDescribingJson object at 0x1082e08f0>]}


============================== 21:35:00.823933 | 4a203256-e7da-48f1-af5d-f722c35930df ==============================
[0m21:35:00.823933 [info ] [MainThread]: Running with dbt=1.11.12
[0m21:35:00.824248 [debug] [MainThread]: running dbt with arguments {'no_print': 'None', 'printer_width': '80', 'indirect_selection': 'eager', 'log_path': 'logs', 'use_experimental_parser': 'False', 'send_anonymous_usage_stats': 'True', 'log_format': 'default', 'version_check': 'True', 'cache_selected_only': 'False', 'log_cache_events': 'False', 'profiles_dir': '/Users/emmanuelephraim/.dbt', 'empty': 'False', 'warn_error_options': 'WarnErrorOptionsV2(error=[], warn=[], silence=[])', 'partial_parse': 'True', 'fail_fast': 'False', 'quiet': 'False', 'target_path': 'None', 'use_colors': 'True', 'static_parser': 'True', 'write_json': 'True', 'invocation_command': 'dbt run', 'introspect': 'True', 'warn_error': 'None', 'debug': 'False'}
[0m21:35:00.824556 [error] [MainThread]: Encountered an error:
Runtime Error
  No dbt_project.yml found at expected path /Users/emmanuelephraim/World-Cup-Datastack/dbt_project.yml
  Verify that each entry within packages.yml (and their transitive dependencies) contains a file named dbt_project.yml
  
[0m21:35:00.826475 [debug] [MainThread]: Resource report: {"command_name": "run", "command_success": false, "command_wall_clock_time": 0.05039821, "process_in_blocks": "0", "process_kernel_time": 0.142195, "process_mem_max_rss": "126042112", "process_out_blocks": "0", "process_user_time": 1.18608}
[0m21:35:00.826740 [debug] [MainThread]: Command `dbt run` failed at 21:35:00.826694 after 0.05 seconds
[0m21:35:00.826913 [debug] [MainThread]: Sending event: {'category': 'dbt', 'action': 'invocation', 'label': 'end', 'context': [<snowplow_tracker.self_describing_json.SelfDescribingJson object at 0x1082b75c0>, <snowplow_tracker.self_describing_json.SelfDescribingJson object at 0x108096a80>, <snowplow_tracker.self_describing_json.SelfDescribingJson object at 0x107587b00>]}
[0m21:35:00.827071 [debug] [MainThread]: Flushing usage events
[0m21:35:00.970293 [debug] [MainThread]: An error was encountered while trying to flush usage events
[0m21:46:06.450349 [debug] [MainThread]: Sending event: {'category': 'dbt', 'action': 'invocation', 'label': 'start', 'context': [<snowplow_tracker.self_describing_json.SelfDescribingJson object at 0x1113c5f70>, <snowplow_tracker.self_describing_json.SelfDescribingJson object at 0x116a5d0a0>, <snowplow_tracker.self_describing_json.SelfDescribingJson object at 0x116a5cbf0>]}


============================== 21:46:06.453242 | e778366c-3330-47ec-b237-5ac419149d6d ==============================
[0m21:46:06.453242 [info ] [MainThread]: Running with dbt=1.11.12
[0m21:46:06.453552 [debug] [MainThread]: running dbt with arguments {'use_experimental_parser': 'False', 'log_format': 'default', 'version_check': 'True', 'warn_error_options': 'WarnErrorOptionsV2(error=[], warn=[], silence=[])', 'introspect': 'True', 'profiles_dir': '/Users/emmanuelephraim/.dbt', 'send_anonymous_usage_stats': 'True', 'use_colors': 'True', 'static_parser': 'True', 'empty': 'False', 'partial_parse': 'True', 'quiet': 'False', 'target_path': 'None', 'printer_width': '80', 'warn_error': 'None', 'fail_fast': 'False', 'cache_selected_only': 'False', 'indirect_selection': 'eager', 'log_cache_events': 'False', 'debug': 'False', 'no_print': 'None', 'invocation_command': 'dbt run', 'log_path': 'logs', 'write_json': 'True'}
[0m21:46:06.453852 [error] [MainThread]: Encountered an error:
Runtime Error
  No dbt_project.yml found at expected path /Users/emmanuelephraim/World-Cup-Datastack/dbt_project.yml
  Verify that each entry within packages.yml (and their transitive dependencies) contains a file named dbt_project.yml
  
[0m21:46:06.455799 [debug] [MainThread]: Resource report: {"command_name": "run", "command_success": false, "command_wall_clock_time": 0.051186457, "process_in_blocks": "0", "process_kernel_time": 0.162117, "process_mem_max_rss": "127696896", "process_out_blocks": "0", "process_user_time": 1.200369}
[0m21:46:06.456043 [debug] [MainThread]: Command `dbt run` failed at 21:46:06.455998 after 0.05 seconds
[0m21:46:06.456210 [debug] [MainThread]: Sending event: {'category': 'dbt', 'action': 'invocation', 'label': 'end', 'context': [<snowplow_tracker.self_describing_json.SelfDescribingJson object at 0x116885b80>, <snowplow_tracker.self_describing_json.SelfDescribingJson object at 0x1166c77a0>, <snowplow_tracker.self_describing_json.SelfDescribingJson object at 0x1160624b0>]}
[0m21:46:06.456366 [debug] [MainThread]: Flushing usage events
[0m21:46:06.577097 [debug] [MainThread]: An error was encountered while trying to flush usage events
[0m17:11:34.590265 [debug] [MainThread]: Sending event: {'category': 'dbt', 'action': 'invocation', 'label': 'start', 'context': [<snowplow_tracker.self_describing_json.SelfDescribingJson object at 0x103e817c0>, <snowplow_tracker.self_describing_json.SelfDescribingJson object at 0x105ec0da0>, <snowplow_tracker.self_describing_json.SelfDescribingJson object at 0x105ec09b0>]}


============================== 17:11:34.593189 | 8cd16198-d576-4138-8c31-2bcd74f7f9a7 ==============================
[0m17:11:34.593189 [info ] [MainThread]: Running with dbt=1.11.12
[0m17:11:34.593501 [debug] [MainThread]: running dbt with arguments {'log_path': 'logs', 'profiles_dir': '/Users/emmanuelephraim/.dbt', 'invocation_command': 'dbt run --select stg_player_scores', 'printer_width': '80', 'empty': 'False', 'debug': 'False', 'version_check': 'True', 'use_colors': 'True', 'warn_error': 'None', 'target_path': 'None', 'fail_fast': 'False', 'write_json': 'True', 'send_anonymous_usage_stats': 'True', 'no_print': 'None', 'partial_parse': 'True', 'quiet': 'False', 'static_parser': 'True', 'use_experimental_parser': 'False', 'log_cache_events': 'False', 'log_format': 'default', 'warn_error_options': 'WarnErrorOptionsV2(error=[], warn=[], silence=[])', 'cache_selected_only': 'False', 'indirect_selection': 'eager', 'introspect': 'True'}
[0m17:11:34.593829 [error] [MainThread]: Encountered an error:
Runtime Error
  No dbt_project.yml found at expected path /Users/emmanuelephraim/World-Cup-Datastack/dbt_project.yml
  Verify that each entry within packages.yml (and their transitive dependencies) contains a file named dbt_project.yml
  
[0m17:11:34.596541 [debug] [MainThread]: Resource report: {"command_name": "run", "command_success": false, "command_wall_clock_time": 0.053989083, "process_in_blocks": "0", "process_kernel_time": 0.161888, "process_mem_max_rss": "125681664", "process_out_blocks": "0", "process_user_time": 1.213552}
[0m17:11:34.596877 [debug] [MainThread]: Command `dbt run` failed at 17:11:34.596821 after 0.05 seconds
[0m17:11:34.597082 [debug] [MainThread]: Sending event: {'category': 'dbt', 'action': 'invocation', 'label': 'end', 'context': [<snowplow_tracker.self_describing_json.SelfDescribingJson object at 0x105de9c40>, <snowplow_tracker.self_describing_json.SelfDescribingJson object at 0x10591d280>, <snowplow_tracker.self_describing_json.SelfDescribingJson object at 0x10508e1e0>]}
[0m17:11:34.597264 [debug] [MainThread]: Flushing usage events
[0m17:11:34.799279 [debug] [MainThread]: An error was encountered while trying to flush usage events
